Started GET "/" for ::1 at 2025-11-05 11:01:54 -0500
  [1m[35m (177.8ms)[0m  [1m[35mCREATE TABLE "schema_migrations" ("version" varchar NOT NULL PRIMARY KEY) /*application='Store'*/[0m
  [1m[35m (0.7ms)[0m  [1m[35mCREATE TABLE "ar_internal_metadata" ("key" varchar NOT NULL PRIMARY KEY, "value" varchar, "created_at" datetime(6) NOT NULL, "updated_at" datetime(6) NOT NULL) /*application='Store'*/[0m
  [1m[36mActiveRecord::SchemaMigration Load (0.2ms)[0m  [1m[34mSELECT "schema_migrations"."version" FROM "schema_migrations" ORDER BY "schema_migrations"."version" ASC /*application='Store'*/[0m
Processing by Rails::WelcomeController#index as HTML
  Rendering /root/.local/share/mise/installs/ruby/3.4.7/lib/ruby/gems/3.4.0/gems/railties-8.1.1/lib/rails/templates/rails/welcome/index.html.erb
  Rendered /root/.local/share/mise/installs/ruby/3.4.7/lib/ruby/gems/3.4.0/gems/railties-8.1.1/lib/rails/templates/rails/welcome/index.html.erb (Duration: 0.8ms | GC: 0.0ms)
Completed 200 OK in 39ms (Views: 10.5ms | ActiveRecord: 0.0ms (0 queries, 0 cached) | GC: 2.1ms)


  [1m[36mActiveRecord::InternalMetadata Load (0.8ms)[0m  [1m[34mSELECT * FROM "ar_internal_metadata" WHERE "ar_internal_metadata"."key" = 'environment' ORDER BY "ar_internal_metadata"."key" ASC LIMIT 1 /*application='Store'*/[0m
  [1m[36mActiveRecord::InternalMetadata Create (153.2ms)[0m  [1m[32mINSERT INTO "ar_internal_metadata" ("key", "value", "created_at", "updated_at") VALUES ('environment', 'development', '2025-11-05 16:20:25.251322', '2025-11-05 16:20:25.251328') RETURNING "key" /*application='Store'*/[0m
  [1m[36mActiveRecord::SchemaMigration Load (0.1ms)[0m  [1m[34mSELECT "schema_migrations"."version" FROM "schema_migrations" ORDER BY "schema_migrations"."version" ASC /*application='Store'*/[0m
Migrating to CreateProducts (20251105160430)
  [1m[36mTRANSACTION (0.1ms)[0m  [1m[35mBEGIN immediate TRANSACTION /*application='Store'*/[0m
  [1m[35m (3.8ms)[0m  [1m[35mCREATE TABLE "products" ("id" integer PRIMARY KEY AUTOINCREMENT NOT NULL, "name" varchar, "created_at" datetime(6) NOT NULL, "updated_at" datetime(6) NOT NULL) /*application='Store'*/[0m
  [1m[36mActiveRecord::SchemaMigration Create (0.3ms)[0m  [1m[32mINSERT INTO "schema_migrations" ("version") VALUES ('20251105160430') RETURNING "version" /*application='Store'*/[0m
  [1m[36mTRANSACTION (0.2ms)[0m  [1m[35mCOMMIT TRANSACTION /*application='Store'*/[0m
  [1m[36mActiveRecord::SchemaMigration Load (0.1ms)[0m  [1m[34mSELECT "schema_migrations"."version" FROM "schema_migrations" ORDER BY "schema_migrations"."version" ASC /*application='Store'*/[0m
  [1m[36mTRANSACTION (0.2ms)[0m  [1m[35mBEGIN immediate TRANSACTION /*application='Store'*/[0m
  [1m[36mProduct Create (1.2ms)[0m  [1m[32mINSERT INTO "products" ("name", "created_at", "updated_at") VALUES ('T-Shirt', '2025-11-05 16:27:08.807702', '2025-11-05 16:27:08.807702') RETURNING "id" /*application='Store'*/[0m
  [1m[36mTRANSACTION (100.6ms)[0m  [1m[35mCOMMIT TRANSACTION /*application='Store'*/[0m
  [1m[36mTRANSACTION (0.1ms)[0m  [1m[35mBEGIN immediate TRANSACTION /*application='Store'*/[0m
  [1m[36mProduct Create (0.6ms)[0m  [1m[32mINSERT INTO "products" ("name", "created_at", "updated_at") VALUES ('Pants', '2025-11-05 16:27:45.564531', '2025-11-05 16:27:45.564531') RETURNING "id" /*application='Store'*/[0m
  [1m[36mTRANSACTION (0.1ms)[0m  [1m[35mCOMMIT TRANSACTION /*application='Store'*/[0m
  [1m[36mProduct Load (0.2ms)[0m  [1m[34mSELECT "products".* FROM "products" /* loading for pp */ LIMIT 11 /*application='Store'*/[0m
  [1m[36mProduct Load (0.2ms)[0m  [1m[34mSELECT "products".* FROM "products" WHERE "products"."name" = 'Pants' /* loading for pp */ LIMIT 11 /*application='Store'*/[0m
  [1m[36mProduct Load (0.2ms)[0m  [1m[34mSELECT "products".* FROM "products" /* loading for pp */ ORDER BY "products"."name" ASC LIMIT 11 /*application='Store'*/[0m
  [1m[36mProduct Load (0.2ms)[0m  [1m[34mSELECT "products".* FROM "products" WHERE "products"."id" = 1 LIMIT 1 /*application='Store'*/[0m
  [1m[36mProduct Load (0.1ms)[0m  [1m[34mSELECT "products".* FROM "products" WHERE "products"."id" = 1 LIMIT 1 /*application='Store'*/[0m
  [1m[36mTRANSACTION (0.1ms)[0m  [1m[35mBEGIN immediate TRANSACTION /*application='Store'*/[0m
  [1m[36mProduct Update (0.5ms)[0m  [1m[33mUPDATE "products" SET "name" = 'Shoes', "updated_at" = '2025-11-05 16:30:51.815093' WHERE "products"."id" = 1 /*application='Store'*/[0m
  [1m[36mTRANSACTION (0.1ms)[0m  [1m[35mCOMMIT TRANSACTION /*application='Store'*/[0m
  [1m[36mProduct Load (0.2ms)[0m  [1m[34mSELECT "products".* FROM "products" /* loading for pp */ LIMIT 11 /*application='Store'*/[0m
  [1m[36mProduct Load (0.2ms)[0m  [1m[34mSELECT "products".* FROM "products" WHERE "products"."id" = 1 LIMIT 1 /*application='Store'*/[0m
  [1m[36mTRANSACTION (0.1ms)[0m  [1m[35mBEGIN immediate TRANSACTION /*application='Store'*/[0m
  [1m[36mProduct Update (0.5ms)[0m  [1m[33mUPDATE "products" SET "name" = 'T-Shirt', "updated_at" = '2025-11-05 16:31:32.282905' WHERE "products"."id" = 1 /*application='Store'*/[0m
  [1m[36mTRANSACTION (0.2ms)[0m  [1m[35mCOMMIT TRANSACTION /*application='Store'*/[0m
  [1m[36mProduct Load (0.2ms)[0m  [1m[34mSELECT "products".* FROM "products" /* loading for pp */ LIMIT 11 /*application='Store'*/[0m
  [1m[36mTRANSACTION (0.1ms)[0m  [1m[35mBEGIN immediate TRANSACTION /*application='Store'*/[0m
  [1m[36mProduct Destroy (0.5ms)[0m  [1m[31mDELETE FROM "products" WHERE "products"."id" = 1 /*application='Store'*/[0m
  [1m[36mTRANSACTION (0.1ms)[0m  [1m[35mCOMMIT TRANSACTION /*application='Store'*/[0m
  [1m[36mProduct Load (0.2ms)[0m  [1m[34mSELECT "products".* FROM "products" /* loading for pp */ LIMIT 11 /*application='Store'*/[0m
Started GET "/" for ::1 at 2025-11-05 12:18:18 -0500
  [1m[36mActiveRecord::SchemaMigration Load (0.5ms)[0m  [1m[34mSELECT "schema_migrations"."version" FROM "schema_migrations" ORDER BY "schema_migrations"."version" ASC /*application='Store'*/[0m
Processing by Rails::WelcomeController#index as HTML
  Rendering /root/.local/share/mise/installs/ruby/3.4.7/lib/ruby/gems/3.4.0/gems/railties-8.1.1/lib/rails/templates/rails/welcome/index.html.erb
  Rendered /root/.local/share/mise/installs/ruby/3.4.7/lib/ruby/gems/3.4.0/gems/railties-8.1.1/lib/rails/templates/rails/welcome/index.html.erb (Duration: 0.6ms | GC: 0.0ms)
Completed 200 OK in 33ms (Views: 5.0ms | ActiveRecord: 0.0ms (0 queries, 0 cached) | GC: 0.1ms)


Started GET "/productsw" for ::1 at 2025-11-05 12:18:25 -0500
  
ActionController::RoutingError (No route matches [GET] "/productsw"):
  
Started GET "/favicon.ico" for ::1 at 2025-11-05 12:18:26 -0500
  
ActionController::RoutingError (No route matches [GET] "/favicon.ico"):
  
Started GET "/products" for ::1 at 2025-11-05 12:18:29 -0500
Processing by ProductsController#index as HTML
  Rendering layout layouts/application.html.erb
  Rendering products/index.html.erb within layouts/application
  Rendered products/index.html.erb within layouts/application (Duration: 0.3ms | GC: 0.0ms)
  Rendered layout layouts/application.html.erb (Duration: 145.1ms | GC: 0.9ms)
Completed 200 OK in 456ms (Views: 189.0ms | ActiveRecord: 0.0ms (0 queries, 0 cached) | GC: 4.0ms)


Started GET "/" for ::1 at 2025-11-05 12:24:55 -0500
Processing by ProductsController#index as HTML
  Rendering layout layouts/application.html.erb
  Rendering products/index.html.erb within layouts/application
  Rendered products/index.html.erb within layouts/application (Duration: 0.5ms | GC: 0.0ms)
  Rendered layout layouts/application.html.erb (Duration: 150.5ms | GC: 0.0ms)
Completed 200 OK in 157ms (Views: 153.6ms | ActiveRecord: 0.0ms (0 queries, 0 cached) | GC: 0.0ms)


Started GET "/" for ::1 at 2025-11-05 12:26:18 -0500
Processing by ProductsController#index as HTML
  Rendering layout layouts/application.html.erb
  Rendering products/index.html.erb within layouts/application
  [1m[36mProduct Load (12.8ms)[0m  [1m[34mSELECT "products".* FROM "products" /*action='index',application='Store',controller='products'*/[0m
  ↳ app/views/products/index.html.erb:3
  Rendered products/index.html.erb within layouts/application (Duration: 24.0ms | GC: 1.6ms)
  Rendered layout layouts/application.html.erb (Duration: 32.8ms | GC: 4.8ms)
Completed 200 OK in 175ms (Views: 18.2ms | ActiveRecord: 16.3ms (1 query, 0 cached) | GC: 11.0ms)


Started GET "/" for ::1 at 2025-11-05 12:27:46 -0500
Processing by ProductsController#index as HTML
  Rendering layout layouts/application.html.erb
  Rendering products/index.html.erb within layouts/application
  [1m[36mProduct Load (1.1ms)[0m  [1m[34mSELECT "products".* FROM "products" /*action='index',application='Store',controller='products'*/[0m
  ↳ app/views/products/index.html.erb:6
  Rendered products/index.html.erb within layouts/application (Duration: 6.3ms | GC: 0.0ms)
  Rendered layout layouts/application.html.erb (Duration: 11.9ms | GC: 0.8ms)
Completed 200 OK in 22ms (Views: 14.1ms | ActiveRecord: 1.6ms (1 query, 0 cached) | GC: 1.8ms)


Started GET "/" for ::1 at 2025-11-05 12:31:28 -0500
Processing by ProductsController#index as HTML
  Rendering layout layouts/application.html.erb
  Rendering products/index.html.erb within layouts/application
  [1m[36mProduct Load (0.9ms)[0m  [1m[34mSELECT "products".* FROM "products" /*action='index',application='Store',controller='products'*/[0m
  ↳ app/views/products/index.html.erb:6
  Rendered products/index.html.erb within layouts/application (Duration: 6.2ms | GC: 0.0ms)
  Rendered layout layouts/application.html.erb (Duration: 9.0ms | GC: 0.0ms)
Completed 200 OK in 40ms (Views: 27.0ms | ActiveRecord: 1.5ms (1 query, 0 cached) | GC: 0.0ms)


Started GET "/products/2" for ::1 at 2025-11-05 12:31:29 -0500
Processing by ProductsController#show as HTML
  Parameters: {"id" => "2"}
  [1m[36mProduct Load (0.2ms)[0m  [1m[34mSELECT "products".* FROM "products" WHERE "products"."id" = 2 LIMIT 1 /*action='show',application='Store',controller='products'*/[0m
  ↳ app/controllers/products_controller.rb:7:in 'ProductsController#show'
  Rendering layout layouts/application.html.erb
  Rendering products/show.html.erb within layouts/application
  Rendered products/show.html.erb within layouts/application (Duration: 0.9ms | GC: 0.0ms)
  Rendered layout layouts/application.html.erb (Duration: 3.0ms | GC: 0.0ms)
Completed 200 OK in 45ms (Views: 4.3ms | ActiveRecord: 0.2ms (1 query, 0 cached) | GC: 0.0ms)


Started GET "/products" for ::1 at 2025-11-05 12:31:31 -0500
Processing by ProductsController#index as HTML
  Rendering layout layouts/application.html.erb
  Rendering products/index.html.erb within layouts/application
  [1m[36mProduct Load (0.2ms)[0m  [1m[34mSELECT "products".* FROM "products" /*action='index',application='Store',controller='products'*/[0m
  ↳ app/views/products/index.html.erb:6
  Rendered products/index.html.erb within layouts/application (Duration: 1.7ms | GC: 0.0ms)
  Rendered layout layouts/application.html.erb (Duration: 3.2ms | GC: 0.0ms)
Completed 200 OK in 6ms (Views: 4.7ms | ActiveRecord: 0.2ms (1 query, 0 cached) | GC: 0.0ms)


Started GET "/products/2" for ::1 at 2025-11-05 12:31:32 -0500
Processing by ProductsController#show as HTML
  Parameters: {"id" => "2"}
  [1m[36mProduct Load (0.4ms)[0m  [1m[34mSELECT "products".* FROM "products" WHERE "products"."id" = 2 LIMIT 1 /*action='show',application='Store',controller='products'*/[0m
  ↳ app/controllers/products_controller.rb:7:in 'ProductsController#show'
  Rendering layout layouts/application.html.erb
  Rendering products/show.html.erb within layouts/application
  Rendered products/show.html.erb within layouts/application (Duration: 0.5ms | GC: 0.0ms)
  Rendered layout layouts/application.html.erb (Duration: 3.5ms | GC: 0.0ms)
Completed 200 OK in 12ms (Views: 5.1ms | ActiveRecord: 0.4ms (1 query, 0 cached) | GC: 0.0ms)


Started GET "/products" for ::1 at 2025-11-05 12:33:24 -0500
Processing by ProductsController#index as HTML
  Rendering layout layouts/application.html.erb
  Rendering products/index.html.erb within layouts/application
  [1m[36mProduct Load (0.9ms)[0m  [1m[34mSELECT "products".* FROM "products" /*action='index',application='Store',controller='products'*/[0m
  ↳ app/views/products/index.html.erb:6
  Rendered products/index.html.erb within layouts/application (Duration: 9.5ms | GC: 1.2ms)
  Rendered layout layouts/application.html.erb (Duration: 15.9ms | GC: 2.3ms)
Completed 200 OK in 21ms (Views: 16.0ms | ActiveRecord: 1.4ms (1 query, 0 cached) | GC: 2.3ms)


Started GET "/products/2" for ::1 at 2025-11-05 12:33:26 -0500
Processing by ProductsController#show as HTML
  Parameters: {"id" => "2"}
  [1m[36mProduct Load (0.2ms)[0m  [1m[34mSELECT "products".* FROM "products" WHERE "products"."id" = 2 LIMIT 1 /*action='show',application='Store',controller='products'*/[0m
  ↳ app/controllers/products_controller.rb:7:in 'ProductsController#show'
  Rendering layout layouts/application.html.erb
  Rendering products/show.html.erb within layouts/application
  Rendered products/show.html.erb within layouts/application (Duration: 0.8ms | GC: 0.0ms)
  Rendered layout layouts/application.html.erb (Duration: 2.9ms | GC: 0.0ms)
Completed 200 OK in 13ms (Views: 4.2ms | ActiveRecord: 0.2ms (1 query, 0 cached) | GC: 3.5ms)


Started GET "/products" for ::1 at 2025-11-05 12:33:26 -0500
Processing by ProductsController#index as HTML
  Rendering layout layouts/application.html.erb
  Rendering products/index.html.erb within layouts/application
  [1m[36mProduct Load (0.1ms)[0m  [1m[34mSELECT "products".* FROM "products" /*action='index',application='Store',controller='products'*/[0m
  ↳ app/views/products/index.html.erb:6
  Rendered products/index.html.erb within layouts/application (Duration: 2.2ms | GC: 0.0ms)
  Rendered layout layouts/application.html.erb (Duration: 3.7ms | GC: 0.0ms)
Completed 200 OK in 6ms (Views: 4.3ms | ActiveRecord: 0.1ms (1 query, 0 cached) | GC: 0.0ms)


Started GET "/products/2" for ::1 at 2025-11-05 12:33:27 -0500
Processing by ProductsController#show as HTML
  Parameters: {"id" => "2"}
  [1m[36mProduct Load (0.2ms)[0m  [1m[34mSELECT "products".* FROM "products" WHERE "products"."id" = 2 LIMIT 1 /*action='show',application='Store',controller='products'*/[0m
  ↳ app/controllers/products_controller.rb:7:in 'ProductsController#show'
  Rendering layout layouts/application.html.erb
  Rendering products/show.html.erb within layouts/application
  Rendered products/show.html.erb within layouts/application (Duration: 0.2ms | GC: 0.0ms)
  Rendered layout layouts/application.html.erb (Duration: 1.5ms | GC: 0.0ms)
Completed 200 OK in 5ms (Views: 2.3ms | ActiveRecord: 0.1ms (1 query, 0 cached) | GC: 0.0ms)


Started GET "/products" for ::1 at 2025-11-05 12:33:28 -0500
Processing by ProductsController#index as HTML
  Rendering layout layouts/application.html.erb
  Rendering products/index.html.erb within layouts/application
  [1m[36mProduct Load (0.2ms)[0m  [1m[34mSELECT "products".* FROM "products" /*action='index',application='Store',controller='products'*/[0m
  ↳ app/views/products/index.html.erb:6
  Rendered products/index.html.erb within layouts/application (Duration: 2.1ms | GC: 0.0ms)
  Rendered layout layouts/application.html.erb (Duration: 3.7ms | GC: 0.0ms)
Completed 200 OK in 6ms (Views: 4.3ms | ActiveRecord: 0.2ms (1 query, 0 cached) | GC: 0.0ms)


Started GET "/products/2" for ::1 at 2025-11-05 12:33:28 -0500
Processing by ProductsController#show as HTML
  Parameters: {"id" => "2"}
  [1m[36mProduct Load (0.2ms)[0m  [1m[34mSELECT "products".* FROM "products" WHERE "products"."id" = 2 LIMIT 1 /*action='show',application='Store',controller='products'*/[0m
  ↳ app/controllers/products_controller.rb:7:in 'ProductsController#show'
  Rendering layout layouts/application.html.erb
  Rendering products/show.html.erb within layouts/application
  Rendered products/show.html.erb within layouts/application (Duration: 0.2ms | GC: 0.0ms)
  Rendered layout layouts/application.html.erb (Duration: 1.5ms | GC: 0.0ms)
Completed 200 OK in 6ms (Views: 2.5ms | ActiveRecord: 0.2ms (1 query, 0 cached) | GC: 0.0ms)


Started GET "/products" for ::1 at 2025-11-05 12:48:07 -0500
Processing by ProductsController#index as HTML
  Rendering layout layouts/application.html.erb
  Rendering products/index.html.erb within layouts/application
  [1m[36mProduct Load (7.1ms)[0m  [1m[34mSELECT "products".* FROM "products" /*action='index',application='Store',controller='products'*/[0m
  ↳ app/views/products/index.html.erb:8
  Rendered products/index.html.erb within layouts/application (Duration: 12.5ms | GC: 0.4ms)
  Rendered layout layouts/application.html.erb (Duration: 15.8ms | GC: 0.4ms)
Completed 200 OK in 55ms (Views: 26.6ms | ActiveRecord: 7.1ms (1 query, 0 cached) | GC: 0.4ms)


Started GET "/products/2" for ::1 at 2025-11-05 12:48:09 -0500
Processing by ProductsController#show as HTML
  Parameters: {"id" => "2"}
  [1m[36mProduct Load (0.4ms)[0m  [1m[34mSELECT "products".* FROM "products" WHERE "products"."id" = 2 LIMIT 1 /*action='show',application='Store',controller='products'*/[0m
  ↳ app/controllers/products_controller.rb:7:in 'ProductsController#show'
  Rendering layout layouts/application.html.erb
  Rendering products/show.html.erb within layouts/application
  Rendered products/show.html.erb within layouts/application (Duration: 0.9ms | GC: 0.0ms)
  Rendered layout layouts/application.html.erb (Duration: 2.9ms | GC: 0.0ms)
Completed 200 OK in 11ms (Views: 3.9ms | ActiveRecord: 0.3ms (1 query, 0 cached) | GC: 0.7ms)


Started GET "/products" for ::1 at 2025-11-05 12:48:10 -0500
Processing by ProductsController#index as HTML
  Rendering layout layouts/application.html.erb
  Rendering products/index.html.erb within layouts/application
  [1m[36mProduct Load (0.2ms)[0m  [1m[34mSELECT "products".* FROM "products" /*action='index',application='Store',controller='products'*/[0m
  ↳ app/views/products/index.html.erb:8
  Rendered products/index.html.erb within layouts/application (Duration: 2.3ms | GC: 0.2ms)
  Rendered layout layouts/application.html.erb (Duration: 5.9ms | GC: 0.2ms)
Completed 200 OK in 8ms (Views: 7.0ms | ActiveRecord: 0.2ms (1 query, 0 cached) | GC: 0.2ms)


Started GET "/products/new" for ::1 at 2025-11-05 12:48:10 -0500
Processing by ProductsController#new as HTML
  Rendering layout layouts/application.html.erb
  Rendering products/new.html.erb within layouts/application
  Rendered products/_form.html.erb (Duration: 68.7ms | GC: 0.0ms)
  Rendered products/new.html.erb within layouts/application (Duration: 71.8ms | GC: 0.0ms)
  Rendered layout layouts/application.html.erb (Duration: 73.3ms | GC: 0.0ms)
Completed 200 OK in 107ms (Views: 75.0ms | ActiveRecord: 0.0ms (0 queries, 0 cached) | GC: 0.0ms)


Started GET "/products" for ::1 at 2025-11-05 12:48:12 -0500
Processing by ProductsController#index as HTML
  Rendering layout layouts/application.html.erb
  Rendering products/index.html.erb within layouts/application
  [1m[36mProduct Load (0.3ms)[0m  [1m[34mSELECT "products".* FROM "products" /*action='index',application='Store',controller='products'*/[0m
  ↳ app/views/products/index.html.erb:8
  Rendered products/index.html.erb within layouts/application (Duration: 3.8ms | GC: 0.0ms)
  Rendered layout layouts/application.html.erb (Duration: 6.3ms | GC: 0.0ms)
Completed 200 OK in 12ms (Views: 8.9ms | ActiveRecord: 0.3ms (1 query, 0 cached) | GC: 0.0ms)


